<?xml version="1.0" encoding="UTF-8"?>
<testsuite name="cz.muni.fi.pa165.soccermanager.dao.ManagerDaoImplTest" time="1.091" tests="19" errors="0" skipped="0" failures="0">
  <properties>
    <property name="java.runtime.name" value="OpenJDK Runtime Environment"/>
    <property name="sun.boot.library.path" value="/usr/lib/jvm/java-8-openjdk-amd64/jre/lib/amd64"/>
    <property name="java.vm.version" value="25.151-b12"/>
    <property name="java.vm.vendor" value="Oracle Corporation"/>
    <property name="maven.multiModuleProjectDirectory" value="/home/xlux/FIMU/javaProject/soccer-manager-1"/>
    <property name="java.vendor.url" value="http://java.oracle.com/"/>
    <property name="path.separator" value=":"/>
    <property name="guice.disable.misplaced.annotation.check" value="true"/>
    <property name="java.vm.name" value="OpenJDK 64-Bit Server VM"/>
    <property name="file.encoding.pkg" value="sun.io"/>
    <property name="user.country" value="US"/>
    <property name="sun.java.launcher" value="SUN_STANDARD"/>
    <property name="sun.os.patch.level" value="unknown"/>
    <property name="java.vm.specification.name" value="Java Virtual Machine Specification"/>
    <property name="user.dir" value="/home/xlux/FIMU/javaProject/soccer-manager-1"/>
    <property name="java.runtime.version" value="1.8.0_151-8u151-b12-0ubuntu0.16.04.2-b12"/>
    <property name="java.awt.graphicsenv" value="sun.awt.X11GraphicsEnvironment"/>
    <property name="java.endorsed.dirs" value="/usr/lib/jvm/java-8-openjdk-amd64/jre/lib/endorsed"/>
    <property name="os.arch" value="amd64"/>
    <property name="java.io.tmpdir" value="/tmp"/>
    <property name="line.separator" value="&#10;"/>
    <property name="java.vm.specification.vendor" value="Oracle Corporation"/>
    <property name="os.name" value="Linux"/>
    <property name="classworlds.conf" value="/usr/share/maven/bin/m2.conf"/>
    <property name="sun.jnu.encoding" value="UTF-8"/>
    <property name="java.library.path" value="/usr/java/packages/lib/amd64:/usr/lib/x86_64-linux-gnu/jni:/lib/x86_64-linux-gnu:/usr/lib/x86_64-linux-gnu:/usr/lib/jni:/lib:/usr/lib"/>
    <property name="java.specification.name" value="Java Platform API Specification"/>
    <property name="java.class.version" value="52.0"/>
    <property name="sun.management.compiler" value="HotSpot 64-Bit Tiered Compilers"/>
    <property name="os.version" value="4.4.0-98-generic"/>
    <property name="user.home" value="/home/xlux"/>
    <property name="user.timezone" value="Europe/Prague"/>
    <property name="java.awt.printerjob" value="sun.print.PSPrinterJob"/>
    <property name="file.encoding" value="UTF-8"/>
    <property name="java.specification.version" value="1.8"/>
    <property name="user.name" value="xlux"/>
    <property name="java.class.path" value="/usr/share/maven/boot/plexus-classworlds-2.x.jar"/>
    <property name="java.vm.specification.version" value="1.8"/>
    <property name="sun.arch.data.model" value="64"/>
    <property name="java.home" value="/usr/lib/jvm/java-8-openjdk-amd64/jre"/>
    <property name="sun.java.command" value="org.codehaus.plexus.classworlds.launcher.Launcher clean install"/>
    <property name="java.specification.vendor" value="Oracle Corporation"/>
    <property name="user.language" value="en"/>
    <property name="awt.toolkit" value="sun.awt.X11.XToolkit"/>
    <property name="java.vm.info" value="mixed mode"/>
    <property name="java.version" value="1.8.0_151"/>
    <property name="java.ext.dirs" value="/usr/lib/jvm/java-8-openjdk-amd64/jre/lib/ext:/usr/java/packages/lib/ext"/>
    <property name="securerandom.source" value="file:/dev/./urandom"/>
    <property name="sun.boot.class.path" value="/usr/lib/jvm/java-8-openjdk-amd64/jre/lib/resources.jar:/usr/lib/jvm/java-8-openjdk-amd64/jre/lib/rt.jar:/usr/lib/jvm/java-8-openjdk-amd64/jre/lib/sunrsasign.jar:/usr/lib/jvm/java-8-openjdk-amd64/jre/lib/jsse.jar:/usr/lib/jvm/java-8-openjdk-amd64/jre/lib/jce.jar:/usr/lib/jvm/java-8-openjdk-amd64/jre/lib/charsets.jar:/usr/lib/jvm/java-8-openjdk-amd64/jre/lib/jfr.jar:/usr/lib/jvm/java-8-openjdk-amd64/jre/classes"/>
    <property name="java.vendor" value="Oracle Corporation"/>
    <property name="maven.home" value="/usr/share/maven"/>
    <property name="file.separator" value="/"/>
    <property name="java.vendor.url.bug" value="http://bugreport.sun.com/bugreport/"/>
    <property name="sun.cpu.endian" value="little"/>
    <property name="sun.io.unicode.encoding" value="UnicodeLittle"/>
    <property name="sun.desktop" value="gnome"/>
    <property name="sun.cpu.isalist" value=""/>
  </properties>
  <testcase name="fetchByNationalityManager" classname="cz.muni.fi.pa165.soccermanager.dao.ManagerDaoImplTest" time="0.537"/>
  <testcase name="testInsertManager" classname="cz.muni.fi.pa165.soccermanager.dao.ManagerDaoImplTest" time="0.021"/>
  <testcase name="fetchByNameManager" classname="cz.muni.fi.pa165.soccermanager.dao.ManagerDaoImplTest" time="0.032"/>
  <testcase name="fetchAllTwoManagers" classname="cz.muni.fi.pa165.soccermanager.dao.ManagerDaoImplTest" time="0.031"/>
  <testcase name="fetchByIdTwoManager" classname="cz.muni.fi.pa165.soccermanager.dao.ManagerDaoImplTest" time="0.02"/>
  <testcase name="updateManager" classname="cz.muni.fi.pa165.soccermanager.dao.ManagerDaoImplTest" time="0.024"/>
  <testcase name="fetchByEmailManagerNoResult" classname="cz.muni.fi.pa165.soccermanager.dao.ManagerDaoImplTest" time="0.034"/>
  <testcase name="fetchManagersWithoutTeam" classname="cz.muni.fi.pa165.soccermanager.dao.ManagerDaoImplTest" time="0.122"/>
  <testcase name="fetchByEmailManager" classname="cz.muni.fi.pa165.soccermanager.dao.ManagerDaoImplTest" time="0.029"/>
  <testcase name="updateTwoManagers" classname="cz.muni.fi.pa165.soccermanager.dao.ManagerDaoImplTest" time="0.028"/>
  <testcase name="fetchByNameManagerNoResult" classname="cz.muni.fi.pa165.soccermanager.dao.ManagerDaoImplTest" time="0.019"/>
  <testcase name="deleteManager" classname="cz.muni.fi.pa165.soccermanager.dao.ManagerDaoImplTest" time="0.018"/>
  <testcase name="fetchByTeamManager" classname="cz.muni.fi.pa165.soccermanager.dao.ManagerDaoImplTest" time="0.06"/>
  <testcase name="fetchByTeamManagerNoResult" classname="cz.muni.fi.pa165.soccermanager.dao.ManagerDaoImplTest" time="0.038"/>
  <testcase name="insertTwoManager" classname="cz.muni.fi.pa165.soccermanager.dao.ManagerDaoImplTest" time="0.016"/>
  <testcase name="fetchByIdManager" classname="cz.muni.fi.pa165.soccermanager.dao.ManagerDaoImplTest" time="0.013"/>
  <testcase name="deleteTwoManagers" classname="cz.muni.fi.pa165.soccermanager.dao.ManagerDaoImplTest" time="0.02"/>
  <testcase name="fetchByNationalityManagerNoResult" classname="cz.muni.fi.pa165.soccermanager.dao.ManagerDaoImplTest" time="0.014"/>
  <testcase name="fetchAllManager" classname="cz.muni.fi.pa165.soccermanager.dao.ManagerDaoImplTest" time="0.015"/>
</testsuite>